[2022-05-30 18:22:47,669] {taskinstance.py:1035} INFO - Dependencies all met for <TaskInstance: download_rocket_launches.get_pictures manual__2022-05-30T18:22:45.026740+00:00 [queued]>
[2022-05-30 18:22:47,684] {taskinstance.py:1035} INFO - Dependencies all met for <TaskInstance: download_rocket_launches.get_pictures manual__2022-05-30T18:22:45.026740+00:00 [queued]>
[2022-05-30 18:22:47,684] {taskinstance.py:1241} INFO - 
--------------------------------------------------------------------------------
[2022-05-30 18:22:47,685] {taskinstance.py:1242} INFO - Starting attempt 1 of 1
[2022-05-30 18:22:47,685] {taskinstance.py:1243} INFO - 
--------------------------------------------------------------------------------
[2022-05-30 18:22:47,697] {taskinstance.py:1262} INFO - Executing <Task(PythonOperator): get_pictures> on 2022-05-30 18:22:45.026740+00:00
[2022-05-30 18:22:47,704] {standard_task_runner.py:76} INFO - Running: ['***', 'tasks', 'run', 'download_rocket_launches', 'get_pictures', 'manual__2022-05-30T18:22:45.026740+00:00', '--job-id', '5', '--raw', '--subdir', 'DAGS_FOLDER/rocket_launches.py', '--cfg-path', '/tmp/tmptxm871c2', '--error-file', '/tmp/tmppfzjhtjz']
[2022-05-30 18:22:47,705] {standard_task_runner.py:77} INFO - Job 5: Subtask get_pictures
[2022-05-30 18:22:47,701] {standard_task_runner.py:52} INFO - Started process 9093 to run task
[2022-05-30 18:22:47,745] {logging_mixin.py:109} INFO - Running <TaskInstance: download_rocket_launches.get_pictures manual__2022-05-30T18:22:45.026740+00:00 [running]> on host b6b47ea722e0
[2022-05-30 18:22:47,785] {taskinstance.py:1414} INFO - Exporting the following env vars:
AIRFLOW_CTX_DAG_OWNER=***
AIRFLOW_CTX_DAG_ID=download_rocket_launches
AIRFLOW_CTX_TASK_ID=get_pictures
AIRFLOW_CTX_EXECUTION_DATE=2022-05-30T18:22:45.026740+00:00
AIRFLOW_CTX_DAG_RUN_ID=manual__2022-05-30T18:22:45.026740+00:00
[2022-05-30 18:22:49,296] {logging_mixin.py:109} INFO - Downloaded https://spacelaunchnow-prod-east.nyc3.digitaloceanspaces.com/media/launcher_images/soyuz_2.1a_image_20201013143850.jpg to /tmp/images/soyuz_2.1a_image_20201013143850.jpg
[2022-05-30 18:22:50,319] {logging_mixin.py:109} INFO - Downloaded https://spacelaunchnow-prod-east.nyc3.digitaloceanspaces.com/media/launcher_images/long_march_2_image_20210908195835.jpeg to /tmp/images/long_march_2_image_20210908195835.jpeg
[2022-05-30 18:22:55,044] {logging_mixin.py:109} INFO - Downloaded https://spacelaunchnow-prod-east.nyc3.digitaloceanspaces.com/media/launcher_images/electron_image_20190705175640.jpeg to /tmp/images/electron_image_20190705175640.jpeg
[2022-05-30 18:22:59,125] {logging_mixin.py:109} INFO - Downloaded https://spacelaunchnow-prod-east.nyc3.digitaloceanspaces.com/media/launcher_images/falcon_9_block__image_20210506060831.jpg to /tmp/images/falcon_9_block__image_20210506060831.jpg
[2022-05-30 18:23:00,355] {logging_mixin.py:109} INFO - Downloaded https://spacelaunchnow-prod-east.nyc3.digitaloceanspaces.com/media/launch_images/falcon2520925_image_20210922155026.jpeg to /tmp/images/falcon2520925_image_20210922155026.jpeg
[2022-05-30 18:23:04,382] {logging_mixin.py:109} INFO - Downloaded https://spacelaunchnow-prod-east.nyc3.digitaloceanspaces.com/media/launcher_images/nuri_image_20211020165148.jpg to /tmp/images/nuri_image_20211020165148.jpg
[2022-05-30 18:23:07,420] {logging_mixin.py:109} INFO - Downloaded https://spacelaunchnow-prod-east.nyc3.digitaloceanspaces.com/media/launcher_images/falcon_9_block__image_20210506060831.jpg to /tmp/images/falcon_9_block__image_20210506060831.jpg
[2022-05-30 18:23:09,673] {logging_mixin.py:109} INFO - Downloaded https://spacelaunchnow-prod-east.nyc3.digitaloceanspaces.com/media/launcher_images/ariane_5_eca25_image_20200220090552.jpeg to /tmp/images/ariane_5_eca25_image_20200220090552.jpeg
[2022-05-30 18:23:12,745] {logging_mixin.py:109} INFO - Downloaded https://spacelaunchnow-prod-east.nyc3.digitaloceanspaces.com/media/launcher_images/falcon_9_block__image_20210506060831.jpg to /tmp/images/falcon_9_block__image_20210506060831.jpg
[2022-05-30 18:23:15,452] {logging_mixin.py:109} INFO - Downloaded https://spacelaunchnow-prod-east.nyc3.digitaloceanspaces.com/media/launcher_images/atlas2520v2520541_image_20190224012314.jpeg to /tmp/images/atlas2520v2520541_image_20190224012314.jpeg
[2022-05-30 18:23:15,453] {python.py:152} INFO - Done. Returned value was: None
[2022-05-30 18:23:15,469] {taskinstance.py:1280} INFO - Marking task as SUCCESS. dag_id=download_rocket_launches, task_id=get_pictures, execution_date=20220530T182245, start_date=20220530T182247, end_date=20220530T182315
[2022-05-30 18:23:15,508] {local_task_job.py:154} INFO - Task exited with return code 0
[2022-05-30 18:23:15,588] {local_task_job.py:264} INFO - 0 downstream tasks scheduled from follow-on schedule check
