[2022-05-30 19:46:46,689] {taskinstance.py:1035} INFO - Dependencies all met for <TaskInstance: lesson1.exercise4.list_keys manual__2022-05-30T19:46:45.300628+00:00 [queued]>
[2022-05-30 19:46:46,718] {taskinstance.py:1035} INFO - Dependencies all met for <TaskInstance: lesson1.exercise4.list_keys manual__2022-05-30T19:46:45.300628+00:00 [queued]>
[2022-05-30 19:46:46,719] {taskinstance.py:1241} INFO - 
--------------------------------------------------------------------------------
[2022-05-30 19:46:46,719] {taskinstance.py:1242} INFO - Starting attempt 1 of 1
[2022-05-30 19:46:46,719] {taskinstance.py:1243} INFO - 
--------------------------------------------------------------------------------
[2022-05-30 19:46:46,738] {taskinstance.py:1262} INFO - Executing <Task(PythonOperator): list_keys> on 2022-05-30 19:46:45.300628+00:00
[2022-05-30 19:46:46,748] {standard_task_runner.py:76} INFO - Running: ['***', 'tasks', 'run', 'lesson1.exercise4', 'list_keys', 'manual__2022-05-30T19:46:45.300628+00:00', '--job-id', '9', '--raw', '--subdir', 'DAGS_FOLDER/rocket_launches.py', '--cfg-path', '/tmp/tmpy03ydjgp', '--error-file', '/tmp/tmp2wergn_q']
[2022-05-30 19:46:46,750] {standard_task_runner.py:77} INFO - Job 9: Subtask list_keys
[2022-05-30 19:46:46,744] {standard_task_runner.py:52} INFO - Started process 13160 to run task
[2022-05-30 19:46:46,812] {logging_mixin.py:109} INFO - Running <TaskInstance: lesson1.exercise4.list_keys manual__2022-05-30T19:46:45.300628+00:00 [running]> on host b6b47ea722e0
[2022-05-30 19:46:46,876] {taskinstance.py:1414} INFO - Exporting the following env vars:
AIRFLOW_CTX_DAG_OWNER=***
AIRFLOW_CTX_DAG_ID=lesson1.exercise4
AIRFLOW_CTX_TASK_ID=list_keys
AIRFLOW_CTX_EXECUTION_DATE=2022-05-30T19:46:45.300628+00:00
AIRFLOW_CTX_DAG_RUN_ID=manual__2022-05-30T19:46:45.300628+00:00
[2022-05-30 19:46:46,898] {rocket_launches.py:29} INFO - Listing Keys from udacity-dend/data-pipelines
[2022-05-30 19:46:46,899] {base_aws.py:401} INFO - Airflow Connection: aws_conn_id=aws_credentials
[2022-05-30 19:46:46,913] {base_aws.py:177} INFO - Credentials retrieved from login
[2022-05-30 19:46:46,914] {base_aws.py:93} INFO - Creating session with aws_access_key_id=AKIAWLZI7S5RULXYYBHS region_name=None
[2022-05-30 19:46:46,929] {base_aws.py:168} INFO - role_arn is None
[2022-05-30 19:46:46,932] {warnings.py:99} WARNING - /home/***/.local/lib/python3.6/site-packages/***/providers/amazon/aws/hooks/base_aws.py:494: DeprecationWarning: client_type is deprecated. Set client_type from class attribute.
  return self.get_client_type(self.client_type, region_name=self.region_name)

[2022-05-30 19:46:48,924] {rocket_launches.py:32} INFO - - s3://udacity-dend/data-pipelines/
[2022-05-30 19:46:48,924] {rocket_launches.py:32} INFO - - s3://udacity-dend/data-pipelines/data-pipeline-dataset-creation.zip
[2022-05-30 19:46:48,925] {rocket_launches.py:32} INFO - - s3://udacity-dend/data-pipelines/divvy/partitioned/2018/1/divvy_trips.csv
[2022-05-30 19:46:48,925] {rocket_launches.py:32} INFO - - s3://udacity-dend/data-pipelines/divvy/partitioned/2018/10/divvy_trips.csv
[2022-05-30 19:46:48,925] {rocket_launches.py:32} INFO - - s3://udacity-dend/data-pipelines/divvy/partitioned/2018/11/divvy_trips.csv
[2022-05-30 19:46:48,925] {rocket_launches.py:32} INFO - - s3://udacity-dend/data-pipelines/divvy/partitioned/2018/12/divvy_trips.csv
[2022-05-30 19:46:48,925] {rocket_launches.py:32} INFO - - s3://udacity-dend/data-pipelines/divvy/partitioned/2018/2/divvy_trips.csv
[2022-05-30 19:46:48,925] {rocket_launches.py:32} INFO - - s3://udacity-dend/data-pipelines/divvy/partitioned/2018/3/divvy_trips.csv
[2022-05-30 19:46:48,926] {rocket_launches.py:32} INFO - - s3://udacity-dend/data-pipelines/divvy/partitioned/2018/4/divvy_trips.csv
[2022-05-30 19:46:48,926] {rocket_launches.py:32} INFO - - s3://udacity-dend/data-pipelines/divvy/partitioned/2018/5/divvy_trips.csv
[2022-05-30 19:46:48,926] {rocket_launches.py:32} INFO - - s3://udacity-dend/data-pipelines/divvy/partitioned/2018/6/divvy_trips.csv
[2022-05-30 19:46:48,926] {rocket_launches.py:32} INFO - - s3://udacity-dend/data-pipelines/divvy/partitioned/2018/7/divvy_trips.csv
[2022-05-30 19:46:48,926] {rocket_launches.py:32} INFO - - s3://udacity-dend/data-pipelines/divvy/partitioned/2018/8/divvy_trips.csv
[2022-05-30 19:46:48,927] {rocket_launches.py:32} INFO - - s3://udacity-dend/data-pipelines/divvy/partitioned/2018/9/divvy_trips.csv
[2022-05-30 19:46:48,927] {rocket_launches.py:32} INFO - - s3://udacity-dend/data-pipelines/divvy/unpartitioned/divvy_stations_2017.csv
[2022-05-30 19:46:48,927] {rocket_launches.py:32} INFO - - s3://udacity-dend/data-pipelines/divvy/unpartitioned/divvy_trips_2018.csv
[2022-05-30 19:46:48,929] {python.py:152} INFO - Done. Returned value was: None
[2022-05-30 19:46:48,942] {taskinstance.py:1280} INFO - Marking task as SUCCESS. dag_id=lesson1.exercise4, task_id=list_keys, execution_date=20220530T194645, start_date=20220530T194646, end_date=20220530T194648
[2022-05-30 19:46:48,983] {local_task_job.py:154} INFO - Task exited with return code 0
[2022-05-30 19:46:49,021] {local_task_job.py:264} INFO - 0 downstream tasks scheduled from follow-on schedule check
