[2022-05-30 18:23:16,023] {taskinstance.py:1035} INFO - Dependencies all met for <TaskInstance: download_rocket_launches.notify manual__2022-05-30T18:22:45.026740+00:00 [queued]>
[2022-05-30 18:23:16,042] {taskinstance.py:1035} INFO - Dependencies all met for <TaskInstance: download_rocket_launches.notify manual__2022-05-30T18:22:45.026740+00:00 [queued]>
[2022-05-30 18:23:16,042] {taskinstance.py:1241} INFO - 
--------------------------------------------------------------------------------
[2022-05-30 18:23:16,042] {taskinstance.py:1242} INFO - Starting attempt 1 of 1
[2022-05-30 18:23:16,043] {taskinstance.py:1243} INFO - 
--------------------------------------------------------------------------------
[2022-05-30 18:23:16,053] {taskinstance.py:1262} INFO - Executing <Task(BashOperator): notify> on 2022-05-30 18:22:45.026740+00:00
[2022-05-30 18:23:16,061] {standard_task_runner.py:76} INFO - Running: ['***', 'tasks', 'run', 'download_rocket_launches', 'notify', 'manual__2022-05-30T18:22:45.026740+00:00', '--job-id', '6', '--raw', '--subdir', 'DAGS_FOLDER/rocket_launches.py', '--cfg-path', '/tmp/tmpnnkecf_i', '--error-file', '/tmp/tmpl5eub6w6']
[2022-05-30 18:23:16,062] {standard_task_runner.py:77} INFO - Job 6: Subtask notify
[2022-05-30 18:23:16,057] {standard_task_runner.py:52} INFO - Started process 9129 to run task
[2022-05-30 18:23:16,101] {logging_mixin.py:109} INFO - Running <TaskInstance: download_rocket_launches.notify manual__2022-05-30T18:22:45.026740+00:00 [running]> on host b6b47ea722e0
[2022-05-30 18:23:16,144] {taskinstance.py:1414} INFO - Exporting the following env vars:
AIRFLOW_CTX_DAG_OWNER=***
AIRFLOW_CTX_DAG_ID=download_rocket_launches
AIRFLOW_CTX_TASK_ID=notify
AIRFLOW_CTX_EXECUTION_DATE=2022-05-30T18:22:45.026740+00:00
AIRFLOW_CTX_DAG_RUN_ID=manual__2022-05-30T18:22:45.026740+00:00
[2022-05-30 18:23:16,145] {subprocess.py:62} INFO - Tmp dir root location: 
 /tmp
[2022-05-30 18:23:16,146] {subprocess.py:74} INFO - Running command: ['bash', '-c', 'echo "There are now $(ls /tmp/images/ | wc -l) images."']
[2022-05-30 18:23:16,156] {subprocess.py:85} INFO - Output:
[2022-05-30 18:23:16,162] {subprocess.py:89} INFO - There are now 8 images.
[2022-05-30 18:23:16,163] {subprocess.py:93} INFO - Command exited with return code 0
[2022-05-30 18:23:16,187] {taskinstance.py:1280} INFO - Marking task as SUCCESS. dag_id=download_rocket_launches, task_id=notify, execution_date=20220530T182245, start_date=20220530T182316, end_date=20220530T182316
[2022-05-30 18:23:16,237] {local_task_job.py:154} INFO - Task exited with return code 0
[2022-05-30 18:23:16,265] {local_task_job.py:264} INFO - 0 downstream tasks scheduled from follow-on schedule check
