[2022-05-31 01:05:58,270] {taskinstance.py:1035} INFO - Dependencies all met for <TaskInstance: lesson1.exercise6.create_table manual__2022-05-31T01:05:57.430912+00:00 [queued]>
[2022-05-31 01:05:58,288] {taskinstance.py:1035} INFO - Dependencies all met for <TaskInstance: lesson1.exercise6.create_table manual__2022-05-31T01:05:57.430912+00:00 [queued]>
[2022-05-31 01:05:58,288] {taskinstance.py:1241} INFO - 
--------------------------------------------------------------------------------
[2022-05-31 01:05:58,289] {taskinstance.py:1242} INFO - Starting attempt 1 of 1
[2022-05-31 01:05:58,289] {taskinstance.py:1243} INFO - 
--------------------------------------------------------------------------------
[2022-05-31 01:05:58,301] {taskinstance.py:1262} INFO - Executing <Task(PostgresOperator): create_table> on 2022-05-31 01:05:57.430912+00:00
[2022-05-31 01:05:58,308] {standard_task_runner.py:76} INFO - Running: ['***', 'tasks', 'run', 'lesson1.exercise6', 'create_table', 'manual__2022-05-31T01:05:57.430912+00:00', '--job-id', '10', '--raw', '--subdir', 'DAGS_FOLDER/rocket_launches.py', '--cfg-path', '/tmp/tmp5_szmbw_', '--error-file', '/tmp/tmpxoo3kqbt']
[2022-05-31 01:05:58,309] {standard_task_runner.py:77} INFO - Job 10: Subtask create_table
[2022-05-31 01:05:58,305] {standard_task_runner.py:52} INFO - Started process 28574 to run task
[2022-05-31 01:05:58,354] {logging_mixin.py:109} INFO - Running <TaskInstance: lesson1.exercise6.create_table manual__2022-05-31T01:05:57.430912+00:00 [running]> on host b6b47ea722e0
[2022-05-31 01:05:58,405] {taskinstance.py:1414} INFO - Exporting the following env vars:
AIRFLOW_CTX_DAG_OWNER=***
AIRFLOW_CTX_DAG_ID=lesson1.exercise6
AIRFLOW_CTX_TASK_ID=create_table
AIRFLOW_CTX_EXECUTION_DATE=2022-05-31T01:05:57.430912+00:00
AIRFLOW_CTX_DAG_RUN_ID=manual__2022-05-31T01:05:57.430912+00:00
[2022-05-31 01:05:58,416] {base.py:79} INFO - Using connection to: id: redshift. Host: redshift-cluster-1.ctwsihrera0y.us-west-2.redshift.amazonaws.com, Port: 5439, Schema: dev, Login: awsuser, Password: ***, extra: {}
[2022-05-31 01:06:01,815] {dbapi.py:225} INFO - Running statement: 
CREATE TABLE IF NOT EXISTS trips (
trip_id INTEGER NOT NULL,
start_time TIMESTAMP NOT NULL,
end_time TIMESTAMP NOT NULL,
bikeid INTEGER NOT NULL,
tripduration DECIMAL(16,2) NOT NULL,
from_station_id INTEGER NOT NULL,
from_station_name VARCHAR(100) NOT NULL,
to_station_id INTEGER NOT NULL,
to_station_name VARCHAR(100) NOT NULL,
usertype VARCHAR(20),
gender VARCHAR(6),
birthyear INTEGER,
PRIMARY KEY(trip_id))
DISTSTYLE ALL;, parameters: None
[2022-05-31 01:06:02,541] {taskinstance.py:1280} INFO - Marking task as SUCCESS. dag_id=lesson1.exercise6, task_id=create_table, execution_date=20220531T010557, start_date=20220531T010558, end_date=20220531T010602
[2022-05-31 01:06:02,587] {local_task_job.py:154} INFO - Task exited with return code 0
[2022-05-31 01:06:02,625] {local_task_job.py:264} INFO - 1 downstream tasks scheduled from follow-on schedule check
