[2022-05-30 18:22:45,469] {taskinstance.py:1035} INFO - Dependencies all met for <TaskInstance: download_rocket_launches.download_launches manual__2022-05-30T18:22:45.026740+00:00 [queued]>
[2022-05-30 18:22:45,493] {taskinstance.py:1035} INFO - Dependencies all met for <TaskInstance: download_rocket_launches.download_launches manual__2022-05-30T18:22:45.026740+00:00 [queued]>
[2022-05-30 18:22:45,494] {taskinstance.py:1241} INFO - 
--------------------------------------------------------------------------------
[2022-05-30 18:22:45,494] {taskinstance.py:1242} INFO - Starting attempt 1 of 1
[2022-05-30 18:22:45,494] {taskinstance.py:1243} INFO - 
--------------------------------------------------------------------------------
[2022-05-30 18:22:45,508] {taskinstance.py:1262} INFO - Executing <Task(BashOperator): download_launches> on 2022-05-30 18:22:45.026740+00:00
[2022-05-30 18:22:45,517] {standard_task_runner.py:76} INFO - Running: ['***', 'tasks', 'run', 'download_rocket_launches', 'download_launches', 'manual__2022-05-30T18:22:45.026740+00:00', '--job-id', '4', '--raw', '--subdir', 'DAGS_FOLDER/rocket_launches.py', '--cfg-path', '/tmp/tmp5og16onm', '--error-file', '/tmp/tmpsdmr9g8n']
[2022-05-30 18:22:45,523] {standard_task_runner.py:77} INFO - Job 4: Subtask download_launches
[2022-05-30 18:22:45,513] {standard_task_runner.py:52} INFO - Started process 9089 to run task
[2022-05-30 18:22:45,597] {logging_mixin.py:109} INFO - Running <TaskInstance: download_rocket_launches.download_launches manual__2022-05-30T18:22:45.026740+00:00 [running]> on host b6b47ea722e0
[2022-05-30 18:22:45,663] {taskinstance.py:1414} INFO - Exporting the following env vars:
AIRFLOW_CTX_DAG_OWNER=***
AIRFLOW_CTX_DAG_ID=download_rocket_launches
AIRFLOW_CTX_TASK_ID=download_launches
AIRFLOW_CTX_EXECUTION_DATE=2022-05-30T18:22:45.026740+00:00
AIRFLOW_CTX_DAG_RUN_ID=manual__2022-05-30T18:22:45.026740+00:00
[2022-05-30 18:22:45,664] {subprocess.py:62} INFO - Tmp dir root location: 
 /tmp
[2022-05-30 18:22:45,665] {subprocess.py:74} INFO - Running command: ['bash', '-c', "curl -o /tmp/launches.json -L 'https://ll.thespacedevs.com/2.0.0/launch/upcoming'"]
[2022-05-30 18:22:45,679] {subprocess.py:85} INFO - Output:
[2022-05-30 18:22:45,691] {subprocess.py:89} INFO -   % Total    % Received % Xferd  Average Speed   Time    Time     Time  Current
[2022-05-30 18:22:45,691] {subprocess.py:89} INFO -                                  Dload  Upload   Total   Spent    Left  Speed
[2022-05-30 18:22:46,321] {subprocess.py:89} INFO -   0     0    0     0    0     0      0      0 --:--:-- --:--:-- --:--:--     0  0     0    0     0    0     0      0      0 --:--:-- --:--:-- --:--:--     0  0     0    0     0    0     0      0      0 --:--:-- --:--:-- --:--:--     0
[2022-05-30 18:22:46,646] {subprocess.py:89} INFO - 100 26656  100 26656    0     0  27912      0 --:--:-- --:--:-- --:--:-- 27912
[2022-05-30 18:22:46,648] {subprocess.py:93} INFO - Command exited with return code 0
[2022-05-30 18:22:46,679] {taskinstance.py:1280} INFO - Marking task as SUCCESS. dag_id=download_rocket_launches, task_id=download_launches, execution_date=20220530T182245, start_date=20220530T182245, end_date=20220530T182246
[2022-05-30 18:22:46,709] {local_task_job.py:154} INFO - Task exited with return code 0
[2022-05-30 18:22:46,757] {local_task_job.py:264} INFO - 1 downstream tasks scheduled from follow-on schedule check
